STEP to UG
! INFO-     NX STEP AP203 - V12.0
! INFO-      
! INFO-     Start of Translation: 3-FEB-2024  5:23:42 PM
! INFO-      
! STATUS-   Converting Part: C:\Users\Sazewar\Desktop\Penchewriak\Penchewriak\Wing Screw M4x15 DIN 316.STEP
! SUMMARY-   
! SUMMARY-    STEP Header Information
! SUMMARY-   
! SUMMARY-  Description      STEP AP214
! SUMMARY-  Imp_Level        1
! SUMMARY-  File_Name        Âèíò-áàðàøåê M4 DIN 316.STEP
! SUMMARY-  Date             2023-01-19T05:39:12
! SUMMARY-  Author           Unknown
! SUMMARY-  Organization     Unknown
! SUMMARY-  Pre_Version      SwSTEP 2.0
! SUMMARY-  Orig_System      SolidWorks 2021
! SUMMARY-  Authorization    Unknown
! SUMMARY-  Schema_ID        automotive_design
! SUMMARY-   
! SUMMARY-    Summary of STEP Entities
! SUMMARY-   
! SUMMARY-  Entity Type                                                   Count
! SUMMARY-  -----------                                                   ------
! SUMMARY-  advanced_face ..............................................:     81
! SUMMARY-  application_context ........................................:      2
! SUMMARY-  axis2_placement_3d .........................................:    138
! SUMMARY-  b_spline_curve_with_knots ..................................:     60
! SUMMARY-  b_spline_curve_with_knots_and_rational_b_spline_curve ......:      8
! SUMMARY-  b_spline_surface_with_knots_and_rational_b_spline_surface ..:     24
! SUMMARY-  cartesian_point ............................................:   1126
! SUMMARY-  circle .....................................................:     80
! SUMMARY-  closed_shell ...............................................:      1
! SUMMARY-  conical_surface ............................................:      4
! SUMMARY-  cylindrical_surface ........................................:     18
! SUMMARY-  direction ..................................................:    314
! SUMMARY-  edge_curve .................................................:    186
! SUMMARY-  edge_loop ..................................................:     84
! SUMMARY-  face_bound .................................................:      3
! SUMMARY-  face_outer_bound ...........................................:     81
! SUMMARY-  geometric_representation_context_and_global_uncertainty_a ..:      3
! SUMMARY-  length_unit_and_si_unit ....................................:      3
! SUMMARY-  line .......................................................:     38
! SUMMARY-  manifold_solid_brep ........................................:      1
! SUMMARY-  oriented_edge ..............................................:    372
! SUMMARY-  plane ......................................................:     17
! SUMMARY-  plane_angle_unit_and_si_unit ...............................:      3
! SUMMARY-  product ....................................................:      1
! SUMMARY-  product_context ............................................:      1
! SUMMARY-  product_definition .........................................:      1
! SUMMARY-  product_definition_context .................................:      1
! SUMMARY-  product_definition_formation_with_specified_source .........:      1
! SUMMARY-  product_definition_shape ...................................:      1
! SUMMARY-  product_related_product_category ...........................:      1
! SUMMARY-  si_unit_and_solid_angle_unit ...............................:      3
! SUMMARY-  toroidal_surface ...........................................:     18
! SUMMARY-  uncertainty_measure_with_unit ..............................:      3
! SUMMARY-  vector .....................................................:     38
! SUMMARY-  vertex_point ...............................................:    110
! SUMMARY-                                                               -------
! SUMMARY-  Total                                                           2826
! STATUS-    
! STATUS-   Converting to Output Form (Phase 2 of 3): 3-FEB-2024 5:23:42 PM
! STATUS-    
! INFO-     CV : STEP Ent Id        201 violates STEP standard
! INFO-     Invalid toroidal_surface definition. 
! INFO-     Major radius less than minor radius.  Attempting to create a 
! INFO-     degenerate toroidal surface.  Assuming it is an apple-shaped 
! INFO-     toroidal surface. 
! INFO-     Recommend trying a STEP file based on an AP (e.g. AP214 STEP file) 
! INFO-     which supports degenerate_toroidal_surfaces. 
! INFO-      
! INFO-     CV : STEP Ent Id        543 violates STEP standard
! INFO-     Invalid toroidal_surface definition. 
! INFO-     Major radius less than minor radius.  Attempting to create a 
! INFO-     degenerate toroidal surface.  Assuming it is an apple-shaped 
! INFO-     toroidal surface. 
! INFO-     Recommend trying a STEP file based on an AP (e.g. AP214 STEP file) 
! INFO-     which supports degenerate_toroidal_surfaces. 
! INFO-      
! INFO-     CV : STEP Ent Id       2635 violates STEP standard
! INFO-     Invalid toroidal_surface definition. 
! INFO-     Major radius less than minor radius.  Attempting to create a 
! INFO-     degenerate toroidal surface.  Assuming it is an apple-shaped 
! INFO-     toroidal surface. 
! INFO-     Recommend trying a STEP file based on an AP (e.g. AP214 STEP file) 
! INFO-     which supports degenerate_toroidal_surfaces. 
! INFO-      
! INFO-     CV : STEP Ent Id        259 violates STEP standard
! INFO-     Invalid toroidal_surface definition. 
! INFO-     Major radius less than minor radius.  Attempting to create a 
! INFO-     degenerate toroidal surface.  Assuming it is an apple-shaped 
! INFO-     toroidal surface. 
! INFO-     Recommend trying a STEP file based on an AP (e.g. AP214 STEP file) 
! INFO-     which supports degenerate_toroidal_surfaces. 
! INFO-      
! STATUS-    
! STATUS-   Generating UG geometry and placing them in parts
! STATUS-    
! STATUS-   Creating the UG part (Phase 3 of 3): 3-FEB-2024  5:23:42 PM
! STATUS-    
! STATUS-   Creating UG solid body from Input Ent Id 2669
! STATUS-    
! STATUS-   fixing vertex and/or edge off surface faults
! STATUS-    
! STATUS-   simplifying Bsplines to analytics
! STATUS-    
! STATUS-   converting tolerant edges into exact edges
! STATUS-    
! STATUS-   doing final check of body to report any faults
! STATUS-    
! INFO-     Filing Part ..: C:\Users\Sazewar\Desktop\Penchewriak\Penchewriak\Wing Screw M4x15 DIN 316_step.prt
! SUMMARY-   
! SUMMARY-  Summary of Unigraphics Part Entities
! SUMMARY-   
! SUMMARY-  Entities Processed             Count
! SUMMARY-  ------------------             -----
! SUMMARY-  Solid .......................:     1
! SUMMARY-                                 -----
! SUMMARY-  Total                              1
! INFO-      
! INFO-     Total number of solids input for this translation       :         1
! INFO-      
! INFO-     Number of solids created without body validation faults :         1
! INFO-      
! INFO-     Number of solids created with body validation fault(s)  :         0
! INFO-      
! INFO-     Number of solids ending up as sheet bodies              :         0
! INFO-      
! INFO-     End of Translation: 3-FEB-2024  5:23:43 PM
! INFO-      
