STEP to UG
! INFO-     NX STEP AP203 - V12.0
! INFO-      
! INFO-     Start of Translation: 14-APR-2025  3:15:56 AM
! INFO-      
! STATUS-   Converting Part: C:\Users\user\Desktop\Alexey drone\5x4x3.STEP
! SUMMARY-   
! SUMMARY-    STEP Header Information
! SUMMARY-   
! SUMMARY-  Description      STEP AP214
! SUMMARY-  Imp_Level        1
! SUMMARY-  File_Name        5x4x3.STEP
! SUMMARY-  Date             2020-11-12T18:29:39
! SUMMARY-  Author           Unknown
! SUMMARY-  Organization     Unknown
! SUMMARY-  Pre_Version      SwSTEP 2.0
! SUMMARY-  Orig_System      SolidWorks 2014
! SUMMARY-  Authorization    Unknown
! SUMMARY-  Schema_ID        automotive_design
! SUMMARY-   
! SUMMARY-    Summary of STEP Entities
! SUMMARY-   
! SUMMARY-  Entity Type                                                   Count
! SUMMARY-  -----------                                                   ------
! SUMMARY-  advanced_face ..............................................:    196
! SUMMARY-  application_context ........................................:      2
! SUMMARY-  axis2_placement_3d .........................................:    149
! SUMMARY-  b_spline_curve_with_knots ..................................:    186
! SUMMARY-  b_spline_surface_with_knots ................................:     62
! SUMMARY-  b_spline_surface_with_knots_and_rational_b_spline_surface ..:     21
! SUMMARY-  cartesian_point ............................................:  11970
! SUMMARY-  circle .....................................................:     35
! SUMMARY-  closed_shell ...............................................:      1
! SUMMARY-  conical_surface ............................................:      2
! SUMMARY-  cylindrical_surface ........................................:      5
! SUMMARY-  direction ..................................................:    554
! SUMMARY-  edge_curve .................................................:    477
! SUMMARY-  edge_loop ..................................................:    204
! SUMMARY-  face_bound .................................................:      8
! SUMMARY-  face_outer_bound ...........................................:    196
! SUMMARY-  geometric_representation_context_and_global_uncertainty_a ..:      3
! SUMMARY-  length_unit_and_si_unit ....................................:      3
! SUMMARY-  line .......................................................:    256
! SUMMARY-  manifold_solid_brep ........................................:      1
! SUMMARY-  oriented_edge ..............................................:    954
! SUMMARY-  plane ......................................................:    103
! SUMMARY-  plane_angle_unit_and_si_unit ...............................:      3
! SUMMARY-  product ....................................................:      1
! SUMMARY-  product_context ............................................:      1
! SUMMARY-  product_definition .........................................:      1
! SUMMARY-  product_definition_context .................................:      1
! SUMMARY-  product_definition_formation_with_specified_source .........:      1
! SUMMARY-  product_definition_shape ...................................:      1
! SUMMARY-  product_related_product_category ...........................:      1
! SUMMARY-  si_unit_and_solid_angle_unit ...............................:      3
! SUMMARY-  toroidal_surface ...........................................:      3
! SUMMARY-  uncertainty_measure_with_unit ..............................:      3
! SUMMARY-  vector .....................................................:    256
! SUMMARY-  vertex_point ...............................................:    289
! SUMMARY-                                                               -------
! SUMMARY-  Total                                                          15952
! STATUS-    
! STATUS-   Converting to Output Form (Phase 2 of 3): 14-APR-2025 3:15:56 AM
! STATUS-    
! STATUS-    
! STATUS-   Generating UG geometry and placing them in parts
! STATUS-    
! STATUS-   Creating the UG part (Phase 3 of 3): 14-APR-2025  3:15:56 AM
! STATUS-    
! STATUS-   Creating UG solid body from Input Ent Id 9077
! STATUS-    
! STATUS-   fixing vertex and/or edge off surface faults
! STATUS-    
! STATUS-   fixing inconsistent loop faults
! STATUS-    
! STATUS-   simplifying Bsplines to analytics
! STATUS-    
! STATUS-   converting tolerant edges into exact edges
! STATUS-    
! STATUS-   doing final check of body to report any faults
! STATUS-    
! WARNING-  solid body contains fault: 13823 - RTSTES: Edge not on surface.
! WARNING-  solid body contains fault: 13823 - RTSTES: Edge not on surface.
! WARNING-  solid body contains fault: 13823 - RTSTES: Edge not on surface.
! WARNING-  solid body contains fault: 13823 - RTSTES: Edge not on surface.
! WARNING-  solid body contains fault: 13823 - RTSTES: Edge not on surface.
! WARNING-  solid body contains fault: 13823 - RTSTES: Edge not on surface.
! WARNING-  solid body (Fase2) contains faults that could not be corrected
! WARNING-   
! INFO-     Filing Part ..: C:\Users\user\Desktop\Alexey drone\5x4x3_step.prt
! SUMMARY-   
! SUMMARY-  Summary of Unigraphics Part Entities
! SUMMARY-   
! SUMMARY-  Entities Processed             Count
! SUMMARY-  ------------------             -----
! SUMMARY-  Solid .......................:     1
! SUMMARY-                                 -----
! SUMMARY-  Total                              1
! INFO-      
! INFO-     Total number of solids input for this translation       :         1
! INFO-      
! INFO-     Number of solids created without body validation faults :         0
! INFO-      
! INFO-     Number of solids created with body validation fault(s)  :         1
! INFO-      
! INFO-     Number of solids ending up as sheet bodies              :         0
! INFO-      
! INFO-     End of Translation: 14-APR-2025  3:16:01 AM
! INFO-      
