STEP to UG
! INFO-     NX STEP AP203 - V12.0
! INFO-      
! INFO-     Start of Translation: 14-APR-2025  2:09:26 AM
! INFO-      
! STATUS-   Converting Part: C:\Users\user\Desktop\Alexey drone\orange-pi-5-case-bottom.stp
! SUMMARY-   
! SUMMARY-    STEP Header Information
! SUMMARY-   
! SUMMARY-  Description      STEP AP203
! SUMMARY-  Imp_Level        1
! SUMMARY-  File_Name        orange-pi-5-case-bottom
! SUMMARY-  Date             Unknown
! SUMMARY-  Author           UNSPECIFIED
! SUMMARY-  Organization     UNSPECIFIED
! SUMMARY-  Pre_Version      ASCON STEP Converter 1.6
! SUMMARY-  Orig_System      ASCON Math Kernel
! SUMMARY-  Authorization    Unknown
! SUMMARY-  Schema_ID        ap203_configuration_controlled_3d_design_of_mechanical_parts_and_assemblies_mim_lf
! SUMMARY-   
! SUMMARY-    Summary of STEP Entities
! SUMMARY-   
! SUMMARY-  Entity Type                                                   Count
! SUMMARY-  -----------                                                   ------
! SUMMARY-  advanced_face ..............................................:   4904
! SUMMARY-  application_context ........................................:      1
! SUMMARY-  approval ...................................................:      1
! SUMMARY-  approval_date_time .........................................:      1
! SUMMARY-  approval_status ............................................:      1
! SUMMARY-  axis2_placement_3d .........................................:   4917
! SUMMARY-  calendar_date ..............................................:      2
! SUMMARY-  cartesian_point ............................................:  23557
! SUMMARY-  cc_design_approval .........................................:      1
! SUMMARY-  cc_design_date_and_time_assignment .........................:      1
! SUMMARY-  cc_design_person_and_organization_assignment ...............:      1
! SUMMARY-  circle .....................................................:     12
! SUMMARY-  closed_shell ...............................................:      1
! SUMMARY-  coordinated_universal_time_offset ..........................:      2
! SUMMARY-  cylindrical_surface ........................................:      6
! SUMMARY-  date_and_time ..............................................:      2
! SUMMARY-  date_time_role .............................................:      1
! SUMMARY-  design_context .............................................:      1
! SUMMARY-  direction ..................................................:  21352
! SUMMARY-  edge_curve .................................................:  11530
! SUMMARY-  edge_loop ..................................................:   4947
! SUMMARY-  face_bound .................................................:   4939
! SUMMARY-  face_outer_bound ...........................................:      8
! SUMMARY-  geometric_representation_context_and_global_uncertainty_a ..:      1
! SUMMARY-  length_unit_and_si_unit ....................................:      1
! SUMMARY-  line .......................................................:  11518
! SUMMARY-  local_time .................................................:      2
! SUMMARY-  manifold_solid_brep ........................................:      1
! SUMMARY-  mechanical_context .........................................:      1
! SUMMARY-  organization ...............................................:      1
! SUMMARY-  oriented_edge ..............................................:  23060
! SUMMARY-  person .....................................................:      1
! SUMMARY-  person_and_organization ....................................:      1
! SUMMARY-  person_and_organization_role ...............................:      1
! SUMMARY-  plane ......................................................:   4898
! SUMMARY-  plane_angle_unit_and_si_unit ...............................:      1
! SUMMARY-  product ....................................................:      1
! SUMMARY-  product_definition .........................................:      1
! SUMMARY-  product_definition_formation_with_specified_source .........:      1
! SUMMARY-  product_definition_shape ...................................:      1
! SUMMARY-  product_related_product_category ...........................:      1
! SUMMARY-  si_unit_and_solid_angle_unit ...............................:      1
! SUMMARY-  uncertainty_measure_with_unit ..............................:      1
! SUMMARY-  vector .....................................................:  11518
! SUMMARY-  vertex_point ...............................................:   7122
! SUMMARY-                                                               -------
! SUMMARY-  Total                                                         134322
! STATUS-    
! STATUS-   Converting to Output Form (Phase 2 of 3): 14-APR-2025 2:09:27 AM
! STATUS-    
! STATUS-    
! STATUS-   Generating UG geometry and placing them in parts
! STATUS-    
! STATUS-   Creating the UG part (Phase 3 of 3): 14-APR-2025  2:09:28 AM
! STATUS-    
! STATUS-   Creating UG solid body from Input Ent Id 40
! STATUS-    
! ERROR-    CRTOBY Failure - Error code : 15113 - Invalid Loop. : 78596
! ERROR-     
! INFO-     Could not create solid body because of topology creation, geometry
! INFO-     creation, or failure to attach geometry to topology.  Will attempt
! INFO-     to convert as many solid body faces to individual single-faced sheet
! INFO-     bodies as possible.
! INFO-      
! INFO-     Filing Part ..: C:\Users\user\Desktop\Alexey drone\orange-pi-5-case-bottom_stp.prt
! SUMMARY-   
! SUMMARY-  Summary of Unigraphics Part Entities
! SUMMARY-   
! SUMMARY-  Entities Processed             Count
! SUMMARY-  ------------------             -----
! SUMMARY-  Group .......................:     1
! SUMMARY-                                 -----
! SUMMARY-  Total                              1
! INFO-      
! INFO-     Total number of solids input for this translation       :         1
! INFO-      
! INFO-     Number of solids created without body validation faults :         0
! INFO-      
! INFO-     Number of solids created with body validation fault(s)  :         0
! INFO-      
! INFO-     Number of solids ending up as sheet bodies              :         1
! INFO-      
! INFO-     End of Translation: 14-APR-2025  2:10:09 AM
! INFO-      
